<?xml version="1.0" encoding="utf-8"?><testsuites name="pytest tests"><testsuite name="pytest" errors="0" failures="0" skipped="0" tests="11" time="3.271" timestamp="2026-03-20T09:17:28.676907+00:00" hostname="agent-env-2c8a5e1c-b156-404c-882e-09b922ebd603"><testcase classname="backend.tests.test_leave_if_interested.TestLeaveIfInterestedEndpoint" name="test_leave_if_interested_removes_interested_player" time="0.403" /><testcase classname="backend.tests.test_leave_if_interested.TestLeaveIfInterestedEndpoint" name="test_leave_if_interested_does_not_remove_joining_player" time="0.310" /><testcase classname="backend.tests.test_leave_if_interested.TestLeaveIfInterestedEndpoint" name="test_leave_if_interested_does_not_remove_in_lobby_player" time="0.370" /><testcase classname="backend.tests.test_leave_if_interested.TestLeaveIfInterestedEndpoint" name="test_leave_if_interested_does_not_remove_host" time="0.242" /><testcase classname="backend.tests.test_leave_if_interested.TestLeaveIfInterestedEndpoint" name="test_leave_if_interested_returns_ok_for_nonexistent_session" time="0.117" /><testcase classname="backend.tests.test_leave_if_interested.TestExistingEndpointsStillWork" name="test_join_endpoint_still_works" time="0.206" /><testcase classname="backend.tests.test_leave_if_interested.TestExistingEndpointsStillWork" name="test_leave_endpoint_still_works" time="0.238" /><testcase classname="backend.tests.test_leave_if_interested.TestExistingEndpointsStillWork" name="test_exit_lobby_endpoint_still_works" time="0.287" /><testcase classname="backend.tests.test_leave_if_interested.TestBugFixScenario" name="test_bug_scenario_exit_lobby_then_back_to_lobby" time="0.378" /><testcase classname="backend.tests.test_leave_if_interested.TestBugFixScenario" name="test_interested_user_navigates_away_without_exit_lobby" time="0.291" /><testcase classname="backend.tests.test_leave_if_interested.TestBugFixScenario" name="test_joining_user_navigates_away_without_exit_lobby" time="0.297" /></testsuite></testsuites>