<?xml version="1.0" encoding="utf-8"?><testsuites name="pytest tests"><testsuite name="pytest" errors="0" failures="0" skipped="0" tests="9" time="4.211" timestamp="2026-03-20T09:51:24.852992+00:00" hostname="agent-env-2c8a5e1c-b156-404c-882e-09b922ebd603"><testcase classname="backend.tests.test_single_lobby_enforcement.TestSingleLobbyEnforcement" name="test_conflict_409_when_in_lobby_elsewhere" time="0.430" /><testcase classname="backend.tests.test_single_lobby_enforcement.TestSingleLobbyEnforcement" name="test_leave_conflicting_param_resolves_conflict" time="0.581" /><testcase classname="backend.tests.test_single_lobby_enforcement.TestSingleLobbyEnforcement" name="test_interested_state_does_not_trigger_conflict" time="0.517" /><testcase classname="backend.tests.test_single_lobby_enforcement.TestSingleLobbyEnforcement" name="test_joining_state_elsewhere_does_not_trigger_conflict" time="0.350" /><testcase classname="backend.tests.test_single_lobby_enforcement.TestSingleLobbyEnforcement" name="test_in_lobby_in_ended_session_does_not_trigger_conflict" time="0.425" /><testcase classname="backend.tests.test_single_lobby_enforcement.TestSingleLobbyEnforcement" name="test_interested_to_joining_transition_triggers_conflict" time="0.605" /><testcase classname="backend.tests.test_single_lobby_enforcement.TestSingleLobbyEnforcement" name="test_normal_join_flow_when_not_in_lobby_elsewhere" time="0.504" /><testcase classname="backend.tests.test_single_lobby_enforcement.TestPreviousLeaveIfInterestedStillWorks" name="test_leave_if_interested_still_removes_interested_player" time="0.290" /><testcase classname="backend.tests.test_single_lobby_enforcement.TestPreviousLeaveIfInterestedStillWorks" name="test_leave_if_interested_does_not_remove_joining_player" time="0.436" /></testsuite></testsuites>